<?xml version="1.0" encoding="UTF-8"?>
<testng-results ignored="0" total="1" passed="1" failed="0" skipped="0">
  <reporter-output>
  </reporter-output>
  <suite started-at="2026-08-15T13:31:27 IST" name="Default suite" finished-at="2026-08-15T13:31:36 IST" duration-ms="9144">
    <groups>
    </groups>
    <test started-at="2026-08-15T13:31:27 IST" name="Default test" finished-at="2026-08-15T13:31:36 IST" duration-ms="9144">
      <class name="LoginTest">
        <test-method is-config="true" signature="openbrowser()[pri:0, instance:LoginTest@659a969b]" started-at="2026-08-15T13:31:27 IST" name="openbrowser" finished-at="2026-08-15T13:31:31 IST" duration-ms="4395" status="PASS">
          <reporter-output>
          </reporter-output>
        </test-method> <!-- openbrowser -->
        <test-method signature="login()[pri:0, instance:LoginTest@659a969b]" started-at="2026-08-15T13:31:31 IST" name="login" finished-at="2026-08-15T13:31:36 IST" duration-ms="4717" status="PASS">
          <reporter-output>
          </reporter-output>
        </test-method> <!-- login -->
      </class> <!-- LoginTest -->
    </test> <!-- Default test -->
  </suite> <!-- Default suite -->
</testng-results>
