<?xml version="1.0" encoding="UTF-8"?>
<testng-results ignored="0" total="1" passed="1" failed="0" skipped="0">
  <reporter-output>
  </reporter-output>
  <suite started-at="2026-08-07T20:20:01 IST" name="Default suite" finished-at="2026-08-07T20:20:22 IST" duration-ms="21079">
    <groups>
    </groups>
    <test started-at="2026-08-07T20:20:01 IST" name="Default test" finished-at="2026-08-07T20:20:22 IST" duration-ms="21079">
      <class name="LoginTest">
        <test-method is-config="true" signature="openbrowser()[pri:0, instance:LoginTest@2473d930]" started-at="2026-08-07T20:20:01 IST" name="openbrowser" finished-at="2026-08-07T20:20:15 IST" duration-ms="13678" status="PASS">
          <reporter-output>
          </reporter-output>
        </test-method> <!-- openbrowser -->
        <test-method signature="login()[pri:0, instance:LoginTest@2473d930]" started-at="2026-08-07T20:20:15 IST" name="login" finished-at="2026-08-07T20:20:20 IST" duration-ms="5110" status="PASS">
          <reporter-output>
          </reporter-output>
        </test-method> <!-- login -->
        <test-method is-config="true" signature="closeit()[pri:0, instance:LoginTest@2473d930]" started-at="2026-08-07T20:20:20 IST" name="closeit" finished-at="2026-08-07T20:20:22 IST" duration-ms="2252" status="PASS">
          <reporter-output>
          </reporter-output>
        </test-method> <!-- closeit -->
      </class> <!-- LoginTest -->
    </test> <!-- Default test -->
  </suite> <!-- Default suite -->
</testng-results>
